[2025-08-17 17:06:40] [INFO    ] discord.client: logging in using static token
[2025-08-17 17:06:40] [DEBUG   ] discord.http: GET https://discord.com/api/v10/users/@me with None has returned 200
[2025-08-17 17:06:40] [DEBUG   ] discord.http: GET /users/@me has found its initial rate limit bucket hash (78bb8553d9352a5a2f89f9def401287a).
[2025-08-17 17:06:40] [DEBUG   ] discord.http: GET https://discord.com/api/v10/users/@me has received {'id': '1406366965580431481', 'username': 'Crypto_Market_Analyzer', 'avatar': None, 'discriminator': '2976', 'public_flags': 0, 'flags': 0, 'bot': True, 'banner': None, 'accent_color': None, 'global_name': None, 'avatar_decoration_data': None, 'collectibles': None, 'display_name_styles': None, 'banner_color': None, 'clan': None, 'primary_guild': None, 'mfa_enabled': True, 'locale': 'en-US', 'premium_type': 0, 'email': None, 'verified': True, 'bio': ''}
[2025-08-17 17:06:41] [DEBUG   ] discord.http: GET https://discord.com/api/v10/oauth2/applications/@me with None has returned 200
[2025-08-17 17:06:41] [DEBUG   ] discord.http: GET /oauth2/applications/@me has found its initial rate limit bucket hash (d28a133af187e91d71d96a223467ce49).
[2025-08-17 17:06:41] [DEBUG   ] discord.http: GET https://discord.com/api/v10/oauth2/applications/@me has received {'id': '1406366965580431481', 'name': 'Crypto_Market_Analyzer', 'icon': None, 'description': 'I provide information on Crypto-Currency market. I will send announcement about trends in the Crypto-Market, serve as a coin-lookup, and will provide information on user-inputted investment amounts for any particular coin over a projected time frame. ', 'type': None, 'bot': {'id': '1406366965580431481', 'username': 'Crypto_Market_Analyzer', 'avatar': None, 'discriminator': '2976', 'public_flags': 0, 'flags': 0, 'bot': True, 'banner': None, 'accent_color': None, 'global_name': None, 'avatar_decoration_data': None, 'collectibles': None, 'display_name_styles': None, 'banner_color': None, 'clan': None, 'primary_guild': None}, 'summary': '', 'is_monetized': False, 'is_verified': False, 'is_discoverable': False, 'bot_public': True, 'bot_require_code_grant': False, 'install_params': {'scopes': ['applications.commands'], 'permissions': '0'}, 'integration_types_config': {'0': {'oauth2_install_params': {'scopes': ['applications.commands'], 'permissions': '0'}}, '1': {'oauth2_install_params': {'scopes': ['applications.commands'], 'permissions': '0'}}}, 'verify_key': '1912bcd0c93418279a271cdff5e30dec50d5c361bc40540078ac7fd74849dfd9', 'flags': 557056, 'hook': True, 'storefront_available': False, 'redirect_uris': [], 'interactions_endpoint_url': None, 'role_connections_verification_url': None, 'owner': {'id': '353692175256780800', 'username': 'memorex7668', 'avatar': 'f486a11c866feefc022395cde19e9e08', 'discriminator': '0', 'public_flags': 0, 'flags': 0, 'banner': None, 'accent_color': 65514, 'global_name': 'memorex', 'avatar_decoration_data': None, 'collectibles': None, 'display_name_styles': None, 'banner_color': '#00ffea', 'clan': None, 'primary_guild': None}, 'approximate_guild_count': 1, 'approximate_user_install_count': 0, 'approximate_user_authorization_count': 0, 'interactions_event_types': [], 'interactions_version': 1, 'explicit_content_filter': 0, 'rpc_application_state': 0, 'store_application_state': 1, 'verification_state': 1, 'integration_public': True, 'integration_require_code_grant': False, 'discoverability_state': 1, 'discovery_eligibility_flags': 2276, 'monetization_state': 1, 'verification_eligibility_flags': 123804, 'monetization_eligibility_flags': 247524, 'team': None, 'internal_guild_restriction': 2, 'approved_consoles': []}
[2025-08-17 17:06:41] [DEBUG   ] discord.gateway: Created websocket connected to wss://gateway.discord.gg/
[2025-08-17 17:06:41] [DEBUG   ] discord.gateway: For Shard ID None: WebSocket Event: {'t': None, 's': None, 'op': 10, 'd': {'heartbeat_interval': 41250, '_trace': ['["gateway-prd-arm-us-east1-b-61wp",{"micros":0.0}]']}}
[2025-08-17 17:06:41] [DEBUG   ] discord.gateway: Shard ID None has sent the IDENTIFY payload.
[2025-08-17 17:06:41] [DEBUG   ] discord.gateway: For Shard ID None: WebSocket Event: {'t': None, 's': None, 'op': 11, 'd': None}
[2025-08-17 17:06:42] [DEBUG   ] discord.gateway: For Shard ID None: WebSocket Event: {'t': 'READY', 's': 1, 'op': 0, 'd': {'v': 10, 'user_settings': {}, 'user': {'verified': True, 'username': 'Crypto_Market_Analyzer', 'primary_guild': None, 'mfa_enabled': True, 'id': '1406366965580431481', 'global_name': None, 'flags': 0, 'email': None, 'discriminator': '2976', 'clan': None, 'bot': True, 'avatar': None}, 'session_type': 'normal', 'session_id': '9873b726d504de6f832ab7ab8d8674ec', 'resume_gateway_url': 'wss://gateway-us-east1-b.discord.gg', 'relationships': [], 'private_channels': [], 'presences': [], 'guilds': [{'unavailable': True, 'id': '1406364059049136240'}], 'guild_join_requests': [], 'geo_ordered_rtc_regions': ['newark', 'us-east', 'us-central', 'atlanta', 'us-south'], 'game_relationships': [], 'auth': {}, 'application': {'id': '1406366965580431481', 'flags': 557056}, '_trace': ['["gateway-prd-arm-us-east1-b-61wp",{"micros":461160,"calls":["id_created",{"micros":561,"calls":[]},"session_lookup_time",{"micros":372,"calls":[]},"session_lookup_finished",{"micros":11,"calls":[]},"discord-sessions-prd-2-49",{"micros":459892,"calls":["start_session",{"micros":437631,"calls":["discord-api-rpc-7fd585b4c8-7twnf",{"micros":387416,"calls":["get_user",{"micros":15131},"get_guilds",{"micros":19662},"send_scheduled_deletion_message",{"micros":15},"guild_join_requests",{"micros":1213},"authorized_ip_coro",{"micros":9},"pending_payments",{"micros":14985},"apex_experiments",{"micros":7820},"user_activities",{"micros":7},"played_application_ids",{"micros":5}]}]},"starting_guild_connect",{"micros":49,"calls":[]},"presence_started",{"micros":17666,"calls":[]},"guilds_started",{"micros":73,"calls":[]},"lobbies_started",{"micros":1,"calls":[]},"guilds_connect",{"micros":1,"calls":[]},"presence_connect",{"micros":4454,"calls":[]},"connect_finished",{"micros":4458,"calls":[]},"build_ready",{"micros":12,"calls":[]},"clean_ready",{"micros":0,"calls":[]},"optimize_ready",{"micros":1,"calls":[]},"split_ready",{"micros":0,"calls":[]}]}]}]']}}
[2025-08-17 17:06:42] [DEBUG   ] discord.client: Dispatching event socket_event_type
[2025-08-17 17:06:42] [INFO    ] discord.gateway: Shard ID None has connected to Gateway (Session ID: 9873b726d504de6f832ab7ab8d8674ec).
[2025-08-17 17:06:42] [DEBUG   ] discord.client: Dispatching event connect
[2025-08-17 17:06:42] [DEBUG   ] discord.gateway: For Shard ID None: WebSocket Event: {'t': 'GUILD_CREATE', 's': 2, 'op': 0, 'd': {'max_video_channel_users': 25, 'embedded_activities': [], 'stickers': [], 'max_members': 25000000, 'owner_configured_content_level': 0, 'public_updates_channel_id': None, 'profile': None, 'lazy': True, 'large': False, 'activity_instances': [], 'premium_subscription_count': 0, 'unavailable': False, 'id': '1406364059049136240', 'name': 'CrytpoBot', 'afk_channel_id': None, 'features': [], 'moderator_reporting': None, 'mfa_level': 0, 'nsfw_level': 0, 'premium_features': None, 'afk_timeout': 300, 'system_channel_flags': 0, 'verification_level': 0, 'threads': [], 'premium_tier': 0, 'banner': None, 'vanity_url_code': None, 'description': None, 'premium_progress_bar_enabled': False, 'application_id': None, 'channels': [{'version': 1755373720839, 'type': 4, 'position': 0, 'permission_overwrites': [], 'name': 'Text Channels', 'id': '1406364059787591773', 'flags': 0}, {'version': 1755373720850, 'type': 4, 'position': 0, 'permission_overwrites': [], 'name': 'Voice Channels', 'id': '1406364059787591775', 'flags': 0}, {'version': 1755456899095, 'type': 0, 'topic': None, 'rate_limit_per_user': 0, 'position': 1, 'permission_overwrites': [], 'parent_id': '1406364059787591773', 'name': 'general', 'last_message_id': '1406663879949553709', 'id': '1406364059787591776', 'icon_emoji': {'name': '👋', 'id': None}, 'flags': 0}, {'version': 1755373720887, 'user_limit': 0, 'type': 2, 'rtc_region': None, 'rate_limit_per_user': 0, 'position': 0, 'permission_overwrites': [], 'parent_id': '1406364059787591775', 'name': 'General', 'last_message_id': None, 'id': '1406364059787591777', 'icon_emoji': {'name': '🎙', 'id': None}, 'flags': 0, 'bitrate': 64000}, {'version': 1755456899085, 'type': 0, 'topic': None, 'rate_limit_per_user': 0, 'position': 0, 'permission_overwrites': [], 'parent_id': '1406364059787591773', 'name': 'announcements', 'last_message_id': '1406718525145485403', 'id': '1406712918590095421', 'flags': 0}], 'icon': None, 'inventory_settings': None, 'owner_id': '353692175256780800', 'members': [{'user': {'username': 'Crypto_Market_Analyzer', 'public_flags': 0, 'primary_guild': None, 'id': '1406366965580431481', 'global_name': None, 'display_name_styles': None, 'display_name': None, 'discriminator': '2976', 'collectibles': None, 'bot': True, 'avatar_decoration_data': None, 'avatar': None}, 'roles': ['1406370490561462436'], 'premium_since': None, 'pending': False, 'nick': None, 'mute': False, 'joined_at': '2025-08-16T20:14:14.158000+00:00', 'flags': 0, 'deaf': False, 'communication_disabled_until': None, 'banner': None, 'avatar': None}], 'soundboard_sounds': [], 'safety_alerts_channel_id': None, 'nsfw': False, 'emojis': [], 'guild_scheduled_events': [], 'splash': None, 'stage_instances': [], 'voice_states': [], 'default_message_notifications': 0, 'hub_type': None, 'application_command_counts': {}, 'home_header': None, 'joined_at': '2025-08-16T20:14:14.158000+00:00', 'max_stage_video_channel_users': 50, 'preferred_locale': 'en-US', 'presences': [], 'version': 1755456880529, 'incidents_data': None, 'latest_onboarding_question_id': None, 'system_channel_id': '1406364059787591776', 'discovery_splash': None, 'region': 'deprecated', 'explicit_content_filter': 0, 'roles': [{'version': 1755373720828, 'unicode_emoji': None, 'tags': {}, 'position': 0, 'permissions': '2248473465835073', 'name': '@everyone', 'mentionable': False, 'managed': False, 'id': '1406364059049136240', 'icon': None, 'hoist': False, 'flags': 0, 'colors': {'tertiary_color': None, 'secondary_color': None, 'primary_color': 0}, 'color': 0}, {'version': 1755375254131, 'unicode_emoji': None, 'tags': {'bot_id': '1406366965580431481'}, 'position': 1, 'permissions': '563259191577664', 'name': 'Crypto_Market_Analyzer', 'mentionable': False, 'managed': True, 'id': '1406370490561462436', 'icon': None, 'hoist': False, 'flags': 0, 'colors': {'tertiary_color': None, 'secondary_color': None, 'primary_color': 0}, 'color': 0}], 'rules_channel_id': None, 'member_count': 2}}
[2025-08-17 17:06:42] [DEBUG   ] discord.client: Dispatching event socket_event_type
[2025-08-17 17:06:42] [DEBUG   ] discord.gateway: For Shard ID None: WebSocket Event: {'t': 'GUILD_MEMBERS_CHUNK', 's': 3, 'op': 0, 'd': {'nonce': '7f705f7eaffe165f26911f84b22353e0', 'members': [{'user': {'username': 'memorex7668', 'public_flags': 0, 'primary_guild': None, 'id': '353692175256780800', 'global_name': 'memorex', 'display_name_styles': None, 'display_name': 'memorex', 'discriminator': '0', 'collectibles': None, 'bot': False, 'avatar_decoration_data': None, 'avatar': 'f486a11c866feefc022395cde19e9e08'}, 'roles': [], 'premium_since': None, 'pending': False, 'nick': None, 'mute': False, 'joined_at': '2025-08-16T19:48:40.690000+00:00', 'flags': 0, 'deaf': False, 'communication_disabled_until': None, 'banner': None, 'avatar': None}, {'user': {'username': 'Crypto_Market_Analyzer', 'public_flags': 0, 'primary_guild': None, 'id': '1406366965580431481', 'global_name': None, 'display_name_styles': None, 'display_name': None, 'discriminator': '2976', 'collectibles': None, 'bot': True, 'avatar_decoration_data': None, 'avatar': None}, 'roles': ['1406370490561462436'], 'premium_since': None, 'pending': False, 'nick': None, 'mute': False, 'joined_at': '2025-08-16T20:14:14.158000+00:00', 'flags': 0, 'deaf': False, 'communication_disabled_until': None, 'banner': None, 'avatar': None}], 'guild_id': '1406364059049136240', 'chunk_index': 0, 'chunk_count': 1}}
[2025-08-17 17:06:42] [DEBUG   ] discord.client: Dispatching event socket_event_type
[2025-08-17 17:06:42] [DEBUG   ] discord.state: Processed a chunk for 2 members in guild ID 1406364059049136240.
[2025-08-17 17:06:44] [DEBUG   ] discord.client: Dispatching event guild_available
[2025-08-17 17:06:44] [DEBUG   ] discord.client: Dispatching event ready
[2025-08-17 17:07:22] [DEBUG   ] discord.gateway: Keeping shard ID None websocket alive with sequence 3.
[2025-08-17 17:07:23] [DEBUG   ] discord.gateway: For Shard ID None: WebSocket Event: {'t': None, 's': None, 'op': 11, 'd': None}
[2025-08-17 17:08:04] [DEBUG   ] discord.gateway: Keeping shard ID None websocket alive with sequence 3.
[2025-08-17 17:08:04] [DEBUG   ] discord.gateway: For Shard ID None: WebSocket Event: {'t': None, 's': None, 'op': 11, 'd': None}
[2025-08-17 17:08:45] [DEBUG   ] discord.gateway: Keeping shard ID None websocket alive with sequence 3.
[2025-08-17 17:08:45] [DEBUG   ] discord.gateway: For Shard ID None: WebSocket Event: {'t': None, 's': None, 'op': 11, 'd': None}
[2025-08-17 17:09:26] [DEBUG   ] discord.gateway: Keeping shard ID None websocket alive with sequence 3.
[2025-08-17 17:09:26] [DEBUG   ] discord.gateway: For Shard ID None: WebSocket Event: {'t': None, 's': None, 'op': 11, 'd': None}
[2025-08-17 17:10:08] [DEBUG   ] discord.gateway: Keeping shard ID None websocket alive with sequence 3.
[2025-08-17 17:10:08] [DEBUG   ] discord.gateway: For Shard ID None: WebSocket Event: {'t': None, 's': None, 'op': 11, 'd': None}
[2025-08-17 17:10:49] [DEBUG   ] discord.gateway: Keeping shard ID None websocket alive with sequence 3.
[2025-08-17 17:10:49] [DEBUG   ] discord.gateway: For Shard ID None: WebSocket Event: {'t': None, 's': None, 'op': 11, 'd': None}
[2025-08-17 17:11:30] [DEBUG   ] discord.gateway: Keeping shard ID None websocket alive with sequence 3.
[2025-08-17 17:11:30] [DEBUG   ] discord.gateway: For Shard ID None: WebSocket Event: {'t': None, 's': None, 'op': 11, 'd': None}
[2025-08-17 17:12:11] [DEBUG   ] discord.gateway: Keeping shard ID None websocket alive with sequence 3.
[2025-08-17 17:12:11] [DEBUG   ] discord.gateway: For Shard ID None: WebSocket Event: {'t': None, 's': None, 'op': 11, 'd': None}
[2025-08-17 17:12:53] [DEBUG   ] discord.gateway: Keeping shard ID None websocket alive with sequence 3.
[2025-08-17 17:12:53] [DEBUG   ] discord.gateway: For Shard ID None: WebSocket Event: {'t': None, 's': None, 'op': 11, 'd': None}
[2025-08-17 17:13:34] [DEBUG   ] discord.gateway: Keeping shard ID None websocket alive with sequence 3.
[2025-08-17 17:13:34] [DEBUG   ] discord.gateway: For Shard ID None: WebSocket Event: {'t': None, 's': None, 'op': 11, 'd': None}
[2025-08-17 17:14:15] [DEBUG   ] discord.gateway: Keeping shard ID None websocket alive with sequence 3.
[2025-08-17 17:14:15] [DEBUG   ] discord.gateway: For Shard ID None: WebSocket Event: {'t': None, 's': None, 'op': 11, 'd': None}
[2025-08-17 17:14:56] [DEBUG   ] discord.gateway: Keeping shard ID None websocket alive with sequence 3.
[2025-08-17 17:14:56] [DEBUG   ] discord.gateway: For Shard ID None: WebSocket Event: {'t': None, 's': None, 'op': 11, 'd': None}
[2025-08-17 17:15:38] [DEBUG   ] discord.gateway: Keeping shard ID None websocket alive with sequence 3.
[2025-08-17 17:15:38] [DEBUG   ] discord.gateway: For Shard ID None: WebSocket Event: {'t': None, 's': None, 'op': 11, 'd': None}
[2025-08-17 17:16:19] [DEBUG   ] discord.gateway: Keeping shard ID None websocket alive with sequence 3.
[2025-08-17 17:16:19] [DEBUG   ] discord.gateway: For Shard ID None: WebSocket Event: {'t': None, 's': None, 'op': 11, 'd': None}
[2025-08-17 17:17:00] [DEBUG   ] discord.gateway: Keeping shard ID None websocket alive with sequence 3.
[2025-08-17 17:17:00] [DEBUG   ] discord.gateway: For Shard ID None: WebSocket Event: {'t': None, 's': None, 'op': 11, 'd': None}
[2025-08-17 17:17:41] [DEBUG   ] discord.gateway: Keeping shard ID None websocket alive with sequence 3.
[2025-08-17 17:17:41] [DEBUG   ] discord.gateway: For Shard ID None: WebSocket Event: {'t': None, 's': None, 'op': 11, 'd': None}
[2025-08-17 17:18:23] [DEBUG   ] discord.gateway: Keeping shard ID None websocket alive with sequence 3.
[2025-08-17 17:18:23] [DEBUG   ] discord.gateway: For Shard ID None: WebSocket Event: {'t': None, 's': None, 'op': 11, 'd': None}
[2025-08-17 17:19:04] [DEBUG   ] discord.gateway: Keeping shard ID None websocket alive with sequence 3.
[2025-08-17 17:19:04] [DEBUG   ] discord.gateway: For Shard ID None: WebSocket Event: {'t': None, 's': None, 'op': 11, 'd': None}
[2025-08-17 17:19:45] [DEBUG   ] discord.gateway: Keeping shard ID None websocket alive with sequence 3.
[2025-08-17 17:19:45] [DEBUG   ] discord.gateway: For Shard ID None: WebSocket Event: {'t': None, 's': None, 'op': 11, 'd': None}
[2025-08-17 17:20:26] [DEBUG   ] discord.gateway: Keeping shard ID None websocket alive with sequence 3.
[2025-08-17 17:20:27] [DEBUG   ] discord.gateway: For Shard ID None: WebSocket Event: {'t': None, 's': None, 'op': 11, 'd': None}
[2025-08-17 17:21:08] [DEBUG   ] discord.gateway: Keeping shard ID None websocket alive with sequence 3.
[2025-08-17 17:21:08] [DEBUG   ] discord.gateway: For Shard ID None: WebSocket Event: {'t': None, 's': None, 'op': 11, 'd': None}
[2025-08-17 17:21:49] [DEBUG   ] discord.gateway: Keeping shard ID None websocket alive with sequence 3.
[2025-08-17 17:21:49] [DEBUG   ] discord.gateway: For Shard ID None: WebSocket Event: {'t': None, 's': None, 'op': 11, 'd': None}
[2025-08-17 17:22:30] [DEBUG   ] discord.gateway: Keeping shard ID None websocket alive with sequence 3.
[2025-08-17 17:22:30] [DEBUG   ] discord.gateway: For Shard ID None: WebSocket Event: {'t': None, 's': None, 'op': 11, 'd': None}
[2025-08-17 17:23:11] [DEBUG   ] discord.gateway: Keeping shard ID None websocket alive with sequence 3.
[2025-08-17 17:23:12] [DEBUG   ] discord.gateway: For Shard ID None: WebSocket Event: {'t': None, 's': None, 'op': 11, 'd': None}
[2025-08-17 17:23:53] [DEBUG   ] discord.gateway: Keeping shard ID None websocket alive with sequence 3.
[2025-08-17 17:23:53] [DEBUG   ] discord.gateway: For Shard ID None: WebSocket Event: {'t': None, 's': None, 'op': 11, 'd': None}
[2025-08-17 17:24:34] [DEBUG   ] discord.gateway: Keeping shard ID None websocket alive with sequence 3.
[2025-08-17 17:24:34] [DEBUG   ] discord.gateway: For Shard ID None: WebSocket Event: {'t': None, 's': None, 'op': 11, 'd': None}
[2025-08-17 17:25:15] [DEBUG   ] discord.gateway: Keeping shard ID None websocket alive with sequence 3.
[2025-08-17 17:25:15] [DEBUG   ] discord.gateway: For Shard ID None: WebSocket Event: {'t': None, 's': None, 'op': 11, 'd': None}
[2025-08-17 17:25:56] [DEBUG   ] discord.gateway: Keeping shard ID None websocket alive with sequence 3.
[2025-08-17 17:25:57] [DEBUG   ] discord.gateway: For Shard ID None: WebSocket Event: {'t': None, 's': None, 'op': 11, 'd': None}
[2025-08-17 17:26:38] [DEBUG   ] discord.gateway: Keeping shard ID None websocket alive with sequence 3.
[2025-08-17 17:26:38] [DEBUG   ] discord.gateway: For Shard ID None: WebSocket Event: {'t': None, 's': None, 'op': 11, 'd': None}
[2025-08-17 17:27:19] [DEBUG   ] discord.gateway: Keeping shard ID None websocket alive with sequence 3.
[2025-08-17 17:27:19] [DEBUG   ] discord.gateway: For Shard ID None: WebSocket Event: {'t': None, 's': None, 'op': 11, 'd': None}
[2025-08-17 17:28:00] [DEBUG   ] discord.gateway: Keeping shard ID None websocket alive with sequence 3.
[2025-08-17 17:28:00] [DEBUG   ] discord.gateway: For Shard ID None: WebSocket Event: {'t': None, 's': None, 'op': 11, 'd': None}
[2025-08-17 17:28:42] [DEBUG   ] discord.gateway: Keeping shard ID None websocket alive with sequence 3.
[2025-08-17 17:28:42] [DEBUG   ] discord.gateway: For Shard ID None: WebSocket Event: {'t': None, 's': None, 'op': 11, 'd': None}
[2025-08-17 17:29:23] [DEBUG   ] discord.gateway: Keeping shard ID None websocket alive with sequence 3.
[2025-08-17 17:29:23] [DEBUG   ] discord.gateway: For Shard ID None: WebSocket Event: {'t': None, 's': None, 'op': 11, 'd': None}
[2025-08-17 17:30:04] [DEBUG   ] discord.gateway: Keeping shard ID None websocket alive with sequence 3.
[2025-08-17 17:30:04] [DEBUG   ] discord.gateway: For Shard ID None: WebSocket Event: {'t': None, 's': None, 'op': 11, 'd': None}
[2025-08-17 17:30:45] [DEBUG   ] discord.gateway: Keeping shard ID None websocket alive with sequence 3.
[2025-08-17 17:30:45] [DEBUG   ] discord.gateway: For Shard ID None: WebSocket Event: {'t': None, 's': None, 'op': 11, 'd': None}
[2025-08-17 17:31:27] [DEBUG   ] discord.gateway: Keeping shard ID None websocket alive with sequence 3.
[2025-08-17 17:31:27] [DEBUG   ] discord.gateway: For Shard ID None: WebSocket Event: {'t': None, 's': None, 'op': 11, 'd': None}
[2025-08-17 17:32:08] [DEBUG   ] discord.gateway: Keeping shard ID None websocket alive with sequence 3.
[2025-08-17 17:32:08] [DEBUG   ] discord.gateway: For Shard ID None: WebSocket Event: {'t': None, 's': None, 'op': 11, 'd': None}
[2025-08-17 17:32:49] [DEBUG   ] discord.gateway: Keeping shard ID None websocket alive with sequence 3.
[2025-08-17 17:32:49] [DEBUG   ] discord.gateway: For Shard ID None: WebSocket Event: {'t': None, 's': None, 'op': 11, 'd': None}
[2025-08-17 17:33:30] [DEBUG   ] discord.gateway: Keeping shard ID None websocket alive with sequence 3.
[2025-08-17 17:33:30] [DEBUG   ] discord.gateway: For Shard ID None: WebSocket Event: {'t': None, 's': None, 'op': 11, 'd': None}
[2025-08-17 17:34:12] [DEBUG   ] discord.gateway: Keeping shard ID None websocket alive with sequence 3.
[2025-08-17 17:34:12] [DEBUG   ] discord.gateway: For Shard ID None: WebSocket Event: {'t': None, 's': None, 'op': 11, 'd': None}
[2025-08-17 17:34:53] [DEBUG   ] discord.gateway: Keeping shard ID None websocket alive with sequence 3.
[2025-08-17 17:34:53] [DEBUG   ] discord.gateway: For Shard ID None: WebSocket Event: {'t': None, 's': None, 'op': 11, 'd': None}
[2025-08-17 17:35:34] [DEBUG   ] discord.gateway: Keeping shard ID None websocket alive with sequence 3.
[2025-08-17 17:35:34] [DEBUG   ] discord.gateway: For Shard ID None: WebSocket Event: {'t': None, 's': None, 'op': 11, 'd': None}
[2025-08-17 17:36:15] [DEBUG   ] discord.gateway: Keeping shard ID None websocket alive with sequence 3.
[2025-08-17 17:36:16] [DEBUG   ] discord.gateway: For Shard ID None: WebSocket Event: {'t': None, 's': None, 'op': 11, 'd': None}
[2025-08-17 17:36:57] [DEBUG   ] discord.gateway: Keeping shard ID None websocket alive with sequence 3.
[2025-08-17 17:36:57] [DEBUG   ] discord.gateway: For Shard ID None: WebSocket Event: {'t': None, 's': None, 'op': 11, 'd': None}
[2025-08-17 17:37:38] [DEBUG   ] discord.gateway: Keeping shard ID None websocket alive with sequence 3.
[2025-08-17 17:37:38] [DEBUG   ] discord.gateway: For Shard ID None: WebSocket Event: {'t': None, 's': None, 'op': 11, 'd': None}
[2025-08-17 17:38:19] [DEBUG   ] discord.gateway: Keeping shard ID None websocket alive with sequence 3.
[2025-08-17 17:38:19] [DEBUG   ] discord.gateway: For Shard ID None: WebSocket Event: {'t': None, 's': None, 'op': 11, 'd': None}
[2025-08-17 17:39:00] [DEBUG   ] discord.gateway: Keeping shard ID None websocket alive with sequence 3.
[2025-08-17 17:39:01] [DEBUG   ] discord.gateway: For Shard ID None: WebSocket Event: {'t': None, 's': None, 'op': 11, 'd': None}
[2025-08-17 17:39:42] [DEBUG   ] discord.gateway: Keeping shard ID None websocket alive with sequence 3.
[2025-08-17 17:39:42] [DEBUG   ] discord.gateway: For Shard ID None: WebSocket Event: {'t': None, 's': None, 'op': 11, 'd': None}
[2025-08-17 17:40:23] [DEBUG   ] discord.gateway: Keeping shard ID None websocket alive with sequence 3.
[2025-08-17 17:40:23] [DEBUG   ] discord.gateway: For Shard ID None: WebSocket Event: {'t': None, 's': None, 'op': 11, 'd': None}
[2025-08-17 17:41:04] [DEBUG   ] discord.gateway: Keeping shard ID None websocket alive with sequence 3.
[2025-08-17 17:41:04] [DEBUG   ] discord.gateway: For Shard ID None: WebSocket Event: {'t': None, 's': None, 'op': 11, 'd': None}
[2025-08-17 17:41:45] [DEBUG   ] discord.gateway: Keeping shard ID None websocket alive with sequence 3.
[2025-08-17 17:41:46] [DEBUG   ] discord.gateway: For Shard ID None: WebSocket Event: {'t': None, 's': None, 'op': 11, 'd': None}
[2025-08-17 17:42:27] [DEBUG   ] discord.gateway: Keeping shard ID None websocket alive with sequence 3.
[2025-08-17 17:42:27] [DEBUG   ] discord.gateway: For Shard ID None: WebSocket Event: {'t': None, 's': None, 'op': 11, 'd': None}
[2025-08-17 17:43:08] [DEBUG   ] discord.gateway: Keeping shard ID None websocket alive with sequence 3.
[2025-08-17 17:43:08] [DEBUG   ] discord.gateway: For Shard ID None: WebSocket Event: {'t': None, 's': None, 'op': 11, 'd': None}
[2025-08-17 17:43:49] [DEBUG   ] discord.gateway: Keeping shard ID None websocket alive with sequence 3.
[2025-08-17 17:43:49] [DEBUG   ] discord.gateway: For Shard ID None: WebSocket Event: {'t': None, 's': None, 'op': 11, 'd': None}
[2025-08-17 17:44:30] [DEBUG   ] discord.gateway: Keeping shard ID None websocket alive with sequence 3.
[2025-08-17 17:44:31] [DEBUG   ] discord.gateway: For Shard ID None: WebSocket Event: {'t': None, 's': None, 'op': 11, 'd': None}
[2025-08-17 17:45:12] [DEBUG   ] discord.gateway: Keeping shard ID None websocket alive with sequence 3.
[2025-08-17 17:45:12] [DEBUG   ] discord.gateway: For Shard ID None: WebSocket Event: {'t': None, 's': None, 'op': 11, 'd': None}
[2025-08-17 17:45:53] [DEBUG   ] discord.gateway: Keeping shard ID None websocket alive with sequence 3.
[2025-08-17 17:45:53] [DEBUG   ] discord.gateway: For Shard ID None: WebSocket Event: {'t': None, 's': None, 'op': 11, 'd': None}
[2025-08-17 17:46:34] [DEBUG   ] discord.gateway: Keeping shard ID None websocket alive with sequence 3.
[2025-08-17 17:46:34] [DEBUG   ] discord.gateway: For Shard ID None: WebSocket Event: {'t': None, 's': None, 'op': 11, 'd': None}
[2025-08-17 17:47:16] [DEBUG   ] discord.gateway: Keeping shard ID None websocket alive with sequence 3.
[2025-08-17 17:47:16] [DEBUG   ] discord.gateway: For Shard ID None: WebSocket Event: {'t': None, 's': None, 'op': 11, 'd': None}
[2025-08-17 17:47:57] [DEBUG   ] discord.gateway: Keeping shard ID None websocket alive with sequence 3.
[2025-08-17 17:47:57] [DEBUG   ] discord.gateway: For Shard ID None: WebSocket Event: {'t': None, 's': None, 'op': 11, 'd': None}
[2025-08-17 17:48:38] [DEBUG   ] discord.gateway: Keeping shard ID None websocket alive with sequence 3.
[2025-08-17 17:48:38] [DEBUG   ] discord.gateway: For Shard ID None: WebSocket Event: {'t': None, 's': None, 'op': 11, 'd': None}
[2025-08-17 17:49:19] [DEBUG   ] discord.gateway: Keeping shard ID None websocket alive with sequence 3.
[2025-08-17 17:49:19] [DEBUG   ] discord.gateway: For Shard ID None: WebSocket Event: {'t': None, 's': None, 'op': 11, 'd': None}
[2025-08-17 17:50:01] [DEBUG   ] discord.gateway: Keeping shard ID None websocket alive with sequence 3.
[2025-08-17 17:50:01] [DEBUG   ] discord.gateway: For Shard ID None: WebSocket Event: {'t': None, 's': None, 'op': 11, 'd': None}
[2025-08-17 17:50:42] [DEBUG   ] discord.gateway: Keeping shard ID None websocket alive with sequence 3.
[2025-08-17 17:50:42] [DEBUG   ] discord.gateway: For Shard ID None: WebSocket Event: {'t': None, 's': None, 'op': 11, 'd': None}
[2025-08-17 17:51:23] [DEBUG   ] discord.gateway: Keeping shard ID None websocket alive with sequence 3.
[2025-08-17 17:51:23] [DEBUG   ] discord.gateway: For Shard ID None: WebSocket Event: {'t': None, 's': None, 'op': 11, 'd': None}
[2025-08-17 17:52:04] [DEBUG   ] discord.gateway: Keeping shard ID None websocket alive with sequence 3.
[2025-08-17 17:52:04] [DEBUG   ] discord.gateway: For Shard ID None: WebSocket Event: {'t': None, 's': None, 'op': 11, 'd': None}
[2025-08-17 17:52:46] [DEBUG   ] discord.gateway: Keeping shard ID None websocket alive with sequence 3.
[2025-08-17 17:52:46] [DEBUG   ] discord.gateway: For Shard ID None: WebSocket Event: {'t': None, 's': None, 'op': 11, 'd': None}
[2025-08-17 17:53:27] [DEBUG   ] discord.gateway: Keeping shard ID None websocket alive with sequence 3.
[2025-08-17 17:53:27] [DEBUG   ] discord.gateway: For Shard ID None: WebSocket Event: {'t': None, 's': None, 'op': 11, 'd': None}
[2025-08-17 17:54:08] [DEBUG   ] discord.gateway: Keeping shard ID None websocket alive with sequence 3.
[2025-08-17 17:54:08] [DEBUG   ] discord.gateway: For Shard ID None: WebSocket Event: {'t': None, 's': None, 'op': 11, 'd': None}
[2025-08-17 17:54:49] [DEBUG   ] discord.gateway: Keeping shard ID None websocket alive with sequence 3.
[2025-08-17 17:54:49] [DEBUG   ] discord.gateway: For Shard ID None: WebSocket Event: {'t': None, 's': None, 'op': 11, 'd': None}
[2025-08-17 17:55:31] [DEBUG   ] discord.gateway: Keeping shard ID None websocket alive with sequence 3.
[2025-08-17 17:55:31] [DEBUG   ] discord.gateway: For Shard ID None: WebSocket Event: {'t': None, 's': None, 'op': 11, 'd': None}
[2025-08-17 17:56:12] [DEBUG   ] discord.gateway: Keeping shard ID None websocket alive with sequence 3.
[2025-08-17 17:56:12] [DEBUG   ] discord.gateway: For Shard ID None: WebSocket Event: {'t': None, 's': None, 'op': 11, 'd': None}
[2025-08-17 17:56:53] [DEBUG   ] discord.gateway: Keeping shard ID None websocket alive with sequence 3.
[2025-08-17 17:56:53] [DEBUG   ] discord.gateway: For Shard ID None: WebSocket Event: {'t': None, 's': None, 'op': 11, 'd': None}
[2025-08-17 17:57:34] [DEBUG   ] discord.gateway: Keeping shard ID None websocket alive with sequence 3.
[2025-08-17 17:57:35] [DEBUG   ] discord.gateway: For Shard ID None: WebSocket Event: {'t': None, 's': None, 'op': 11, 'd': None}
[2025-08-17 17:58:16] [DEBUG   ] discord.gateway: Keeping shard ID None websocket alive with sequence 3.
[2025-08-17 17:58:16] [DEBUG   ] discord.gateway: For Shard ID None: WebSocket Event: {'t': None, 's': None, 'op': 11, 'd': None}
[2025-08-17 17:58:57] [DEBUG   ] discord.gateway: Keeping shard ID None websocket alive with sequence 3.
[2025-08-17 17:58:57] [DEBUG   ] discord.gateway: For Shard ID None: WebSocket Event: {'t': None, 's': None, 'op': 11, 'd': None}
[2025-08-17 17:59:38] [DEBUG   ] discord.gateway: Keeping shard ID None websocket alive with sequence 3.
[2025-08-17 17:59:38] [DEBUG   ] discord.gateway: For Shard ID None: WebSocket Event: {'t': None, 's': None, 'op': 11, 'd': None}
[2025-08-17 18:00:19] [DEBUG   ] discord.gateway: Keeping shard ID None websocket alive with sequence 3.
[2025-08-17 18:00:20] [DEBUG   ] discord.gateway: For Shard ID None: WebSocket Event: {'t': None, 's': None, 'op': 11, 'd': None}
[2025-08-17 18:01:01] [DEBUG   ] discord.gateway: Keeping shard ID None websocket alive with sequence 3.
[2025-08-17 18:01:01] [DEBUG   ] discord.gateway: For Shard ID None: WebSocket Event: {'t': None, 's': None, 'op': 11, 'd': None}
[2025-08-17 18:01:42] [DEBUG   ] discord.gateway: Keeping shard ID None websocket alive with sequence 3.
[2025-08-17 18:01:42] [DEBUG   ] discord.gateway: For Shard ID None: WebSocket Event: {'t': None, 's': None, 'op': 11, 'd': None}
[2025-08-17 18:02:23] [DEBUG   ] discord.gateway: Keeping shard ID None websocket alive with sequence 3.
[2025-08-17 18:02:23] [DEBUG   ] discord.gateway: For Shard ID None: WebSocket Event: {'t': None, 's': None, 'op': 11, 'd': None}
[2025-08-17 18:03:04] [DEBUG   ] discord.gateway: Keeping shard ID None websocket alive with sequence 3.
[2025-08-17 18:03:05] [DEBUG   ] discord.gateway: For Shard ID None: WebSocket Event: {'t': None, 's': None, 'op': 11, 'd': None}
[2025-08-17 18:03:46] [DEBUG   ] discord.gateway: Keeping shard ID None websocket alive with sequence 3.
[2025-08-17 18:03:46] [DEBUG   ] discord.gateway: For Shard ID None: WebSocket Event: {'t': None, 's': None, 'op': 11, 'd': None}
[2025-08-17 18:04:27] [DEBUG   ] discord.gateway: Keeping shard ID None websocket alive with sequence 3.
[2025-08-17 18:04:27] [DEBUG   ] discord.gateway: For Shard ID None: WebSocket Event: {'t': None, 's': None, 'op': 11, 'd': None}
[2025-08-17 18:05:08] [DEBUG   ] discord.gateway: Keeping shard ID None websocket alive with sequence 3.
[2025-08-17 18:05:08] [DEBUG   ] discord.gateway: For Shard ID None: WebSocket Event: {'t': None, 's': None, 'op': 11, 'd': None}
[2025-08-17 18:05:50] [DEBUG   ] discord.gateway: Keeping shard ID None websocket alive with sequence 3.
[2025-08-17 18:05:50] [DEBUG   ] discord.gateway: For Shard ID None: WebSocket Event: {'t': None, 's': None, 'op': 11, 'd': None}
[2025-08-17 18:06:31] [DEBUG   ] discord.gateway: Keeping shard ID None websocket alive with sequence 3.
[2025-08-17 18:06:31] [DEBUG   ] discord.gateway: For Shard ID None: WebSocket Event: {'t': None, 's': None, 'op': 11, 'd': None}
[2025-08-17 20:17:01] [WARNING ] discord.gateway: Shard ID None has stopped responding to the gateway. Closing and restarting.
[2025-08-17 20:17:01] [DEBUG   ] discord.gateway: Timed out receiving packet. Attempting a reconnect.
[2025-08-17 20:17:01] [DEBUG   ] discord.client: Got a request to RESUME the websocket.
[2025-08-17 20:17:01] [DEBUG   ] discord.client: Dispatching event disconnect
[2025-08-17 20:17:01] [DEBUG   ] discord.gateway: Created websocket connected to wss://gateway-us-east1-b.discord.gg
[2025-08-17 20:17:01] [DEBUG   ] discord.gateway: For Shard ID None: WebSocket Event: {'t': None, 's': None, 'op': 10, 'd': {'heartbeat_interval': 41250, '_trace': ['["gateway-prd-arm-us-east1-b-kkjv",{"micros":0.0}]']}}
[2025-08-17 20:17:01] [DEBUG   ] discord.gateway: Shard ID None has sent the RESUME payload.
[2025-08-17 20:17:01] [DEBUG   ] discord.gateway: For Shard ID None: WebSocket Event: {'t': None, 's': None, 'op': 11, 'd': None}
[2025-08-17 20:17:01] [DEBUG   ] discord.gateway: For Shard ID None: WebSocket Event: {'t': None, 's': None, 'op': 9, 'd': False}
[2025-08-17 20:17:01] [INFO    ] discord.gateway: Shard ID None session has been invalidated.
[2025-08-17 20:17:01] [DEBUG   ] discord.client: Got a request to IDENTIFY the websocket.
[2025-08-17 20:17:01] [DEBUG   ] discord.client: Dispatching event disconnect
[2025-08-17 20:17:01] [DEBUG   ] discord.gateway: Created websocket connected to wss://gateway-us-east1-b.discord.gg
[2025-08-17 20:17:01] [DEBUG   ] discord.gateway: For Shard ID None: WebSocket Event: {'t': None, 's': None, 'op': 10, 'd': {'heartbeat_interval': 41250, '_trace': ['["gateway-prd-arm-us-east1-b-hbld",{"micros":0.0}]']}}
[2025-08-17 20:17:06] [DEBUG   ] discord.gateway: Shard ID None has sent the IDENTIFY payload.
[2025-08-17 20:17:06] [DEBUG   ] discord.gateway: For Shard ID None: WebSocket Event: {'t': None, 's': None, 'op': 11, 'd': None}
[2025-08-17 20:17:06] [DEBUG   ] discord.gateway: For Shard ID None: WebSocket Event: {'t': 'READY', 's': 1, 'op': 0, 'd': {'v': 10, 'user_settings': {}, 'user': {'verified': True, 'username': 'Crypto_Market_Analyzer', 'primary_guild': None, 'mfa_enabled': True, 'id': '1406366965580431481', 'global_name': None, 'flags': 0, 'email': None, 'discriminator': '2976', 'clan': None, 'bot': True, 'avatar': None}, 'session_type': 'normal', 'session_id': '002c31111cd7282dcd3a7ad4e7ebdf37', 'resume_gateway_url': 'wss://gateway-us-east1-b.discord.gg', 'relationships': [], 'private_channels': [], 'presences': [], 'guilds': [{'unavailable': True, 'id': '1406364059049136240'}], 'guild_join_requests': [], 'geo_ordered_rtc_regions': ['newark', 'us-east', 'us-central', 'atlanta', 'us-south'], 'game_relationships': [], 'auth': {}, 'application': {'id': '1406366965580431481', 'flags': 557056}, '_trace': ['["gateway-prd-arm-us-east1-b-hbld",{"micros":158010,"calls":["id_created",{"micros":593,"calls":[]},"session_lookup_time",{"micros":289,"calls":[]},"session_lookup_finished",{"micros":13,"calls":[]},"discord-sessions-prd-2-55",{"micros":156797,"calls":["start_session",{"micros":138909,"calls":["discord-api-rpc-7fd585b4c8-kcnqm",{"micros":107956,"calls":["get_user",{"micros":11151},"get_guilds",{"micros":4805},"send_scheduled_deletion_message",{"micros":8},"guild_join_requests",{"micros":1},"authorized_ip_coro",{"micros":12},"pending_payments",{"micros":10712},"apex_experiments",{"micros":2270},"user_activities",{"micros":11},"played_application_ids",{"micros":3}]}]},"starting_guild_connect",{"micros":26,"calls":[]},"presence_started",{"micros":5666,"calls":[]},"guilds_started",{"micros":72,"calls":[]},"lobbies_started",{"micros":1,"calls":[]},"guilds_connect",{"micros":1,"calls":[]},"presence_connect",{"micros":12081,"calls":[]},"connect_finished",{"micros":12085,"calls":[]},"build_ready",{"micros":21,"calls":[]},"clean_ready",{"micros":1,"calls":[]},"optimize_ready",{"micros":0,"calls":[]},"split_ready",{"micros":1,"calls":[]}]}]}]']}}
[2025-08-17 20:17:06] [DEBUG   ] discord.client: Dispatching event socket_event_type
[2025-08-17 20:17:06] [INFO    ] discord.gateway: Shard ID None has connected to Gateway (Session ID: 002c31111cd7282dcd3a7ad4e7ebdf37).
[2025-08-17 20:17:06] [DEBUG   ] discord.client: Dispatching event connect
[2025-08-17 20:17:06] [DEBUG   ] discord.gateway: For Shard ID None: WebSocket Event: {'t': 'GUILD_CREATE', 's': 2, 'op': 0, 'd': {'member_count': 2, 'application_command_counts': {}, 'home_header': None, 'premium_progress_bar_enabled': False, 'public_updates_channel_id': None, 'discovery_splash': None, 'profile': None, 'rules_channel_id': None, 'roles': [{'version': 1755373720828, 'unicode_emoji': None, 'tags': {}, 'position': 0, 'permissions': '2248473465835073', 'name': '@everyone', 'mentionable': False, 'managed': False, 'id': '1406364059049136240', 'icon': None, 'hoist': False, 'flags': 0, 'colors': {'tertiary_color': None, 'secondary_color': None, 'primary_color': 0}, 'color': 0}, {'version': 1755375254131, 'unicode_emoji': None, 'tags': {'bot_id': '1406366965580431481'}, 'position': 1, 'permissions': '563259191577664', 'name': 'Crypto_Market_Analyzer', 'mentionable': False, 'managed': True, 'id': '1406370490561462436', 'icon': None, 'hoist': False, 'flags': 0, 'colors': {'tertiary_color': None, 'secondary_color': None, 'primary_color': 0}, 'color': 0}], 'application_id': None, 'id': '1406364059049136240', 'name': 'CrytpoBot', 'default_message_notifications': 0, 'premium_tier': 0, 'afk_timeout': 300, 'banner': None, 'members': [{'user': {'username': 'Crypto_Market_Analyzer', 'public_flags': 0, 'primary_guild': None, 'id': '1406366965580431481', 'global_name': None, 'display_name_styles': None, 'display_name': None, 'discriminator': '2976', 'collectibles': None, 'bot': True, 'avatar_decoration_data': None, 'avatar': None}, 'roles': ['1406370490561462436'], 'premium_since': None, 'pending': False, 'nick': None, 'mute': False, 'joined_at': '2025-08-16T20:14:14.158000+00:00', 'flags': 0, 'deaf': False, 'communication_disabled_until': None, 'banner': None, 'avatar': None}], 'afk_channel_id': None, 'unavailable': False, 'owner_configured_content_level': 0, 'verification_level': 0, 'system_channel_flags': 0, 'soundboard_sounds': [], 'threads': [], 'safety_alerts_channel_id': None, 'icon': None, 'description': None, 'max_members': 25000000, 'moderator_reporting': None, 'guild_scheduled_events': [], 'large': False, 'stickers': [], 'inventory_settings': None, 'mfa_level': 0, 'emojis': [], 'nsfw_level': 0, 'premium_features': None, 'stage_instances': [], 'system_channel_id': '1406364059787591776', 'voice_states': [], 'joined_at': '2025-08-16T20:14:14.158000+00:00', 'channels': [{'version': 1755373720839, 'type': 4, 'position': 0, 'permission_overwrites': [], 'name': 'Text Channels', 'id': '1406364059787591773', 'flags': 0}, {'version': 1755373720850, 'type': 4, 'position': 0, 'permission_overwrites': [], 'name': 'Voice Channels', 'id': '1406364059787591775', 'flags': 0}, {'version': 1755456899095, 'type': 0, 'topic': None, 'rate_limit_per_user': 0, 'position': 1, 'permission_overwrites': [], 'parent_id': '1406364059787591773', 'name': 'general', 'last_message_id': '1406663879949553709', 'id': '1406364059787591776', 'icon_emoji': {'name': '👋', 'id': None}, 'flags': 0}, {'version': 1755373720887, 'user_limit': 0, 'type': 2, 'rtc_region': None, 'rate_limit_per_user': 0, 'position': 0, 'permission_overwrites': [], 'parent_id': '1406364059787591775', 'name': 'General', 'last_message_id': None, 'id': '1406364059787591777', 'icon_emoji': {'name': '🎙', 'id': None}, 'flags': 0, 'bitrate': 64000}, {'version': 1755456899085, 'type': 0, 'topic': None, 'rate_limit_per_user': 0, 'position': 0, 'permission_overwrites': [], 'parent_id': '1406364059787591773', 'name': 'announcements', 'last_message_id': '1406718525145485403', 'id': '1406712918590095421', 'flags': 0}], 'vanity_url_code': None, 'max_video_channel_users': 25, 'incidents_data': None, 'region': 'deprecated', 'nsfw': False, 'lazy': True, 'latest_onboarding_question_id': None, 'hub_type': None, 'features': [], 'activity_instances': [], 'presences': [], 'premium_subscription_count': 0, 'version': 1755456880529, 'explicit_content_filter': 0, 'preferred_locale': 'en-US', 'owner_id': '353692175256780800', 'embedded_activities': [], 'splash': None, 'max_stage_video_channel_users': 50}}
[2025-08-17 20:17:06] [DEBUG   ] discord.client: Dispatching event socket_event_type
[2025-08-17 20:17:07] [DEBUG   ] discord.gateway: For Shard ID None: WebSocket Event: {'t': 'GUILD_MEMBERS_CHUNK', 's': 3, 'op': 0, 'd': {'nonce': '46cfeae4b32091f2c2aca86e3d01fcc7', 'members': [{'user': {'username': 'memorex7668', 'public_flags': 0, 'primary_guild': None, 'id': '353692175256780800', 'global_name': 'memorex', 'display_name_styles': None, 'display_name': 'memorex', 'discriminator': '0', 'collectibles': None, 'bot': False, 'avatar_decoration_data': None, 'avatar': 'f486a11c866feefc022395cde19e9e08'}, 'roles': [], 'premium_since': None, 'pending': False, 'nick': None, 'mute': False, 'joined_at': '2025-08-16T19:48:40.690000+00:00', 'flags': 0, 'deaf': False, 'communication_disabled_until': None, 'banner': None, 'avatar': None}, {'user': {'username': 'Crypto_Market_Analyzer', 'public_flags': 0, 'primary_guild': None, 'id': '1406366965580431481', 'global_name': None, 'display_name_styles': None, 'display_name': None, 'discriminator': '2976', 'collectibles': None, 'bot': True, 'avatar_decoration_data': None, 'avatar': None}, 'roles': ['1406370490561462436'], 'premium_since': None, 'pending': False, 'nick': None, 'mute': False, 'joined_at': '2025-08-16T20:14:14.158000+00:00', 'flags': 0, 'deaf': False, 'communication_disabled_until': None, 'banner': None, 'avatar': None}], 'guild_id': '1406364059049136240', 'chunk_index': 0, 'chunk_count': 1}}
[2025-08-17 20:17:07] [DEBUG   ] discord.client: Dispatching event socket_event_type
[2025-08-17 20:17:07] [DEBUG   ] discord.state: Processed a chunk for 2 members in guild ID 1406364059049136240.
[2025-08-17 20:17:09] [DEBUG   ] discord.client: Dispatching event guild_available
[2025-08-17 20:17:09] [DEBUG   ] discord.client: Dispatching event ready
[2025-08-17 20:17:09] [ERROR   ] discord.client: Ignoring exception in on_ready
Traceback (most recent call last):
  File "C:\Users\batb2\AppData\Roaming\Python\Python313\site-packages\discord\client.py", line 481, in _run_event
    await coro(*args, **kwargs)
  File "c:\Users\batb2\Programming\CryptoBotDiscord\CrypBot\main.py", line 25, in on_ready
    daily.start()
    ~~~~~~~~~~~^^
  File "C:\Users\batb2\AppData\Roaming\Python\Python313\site-packages\discord\ext\tasks\__init__.py", line 400, in start
    raise RuntimeError('Task is already launched and is not completed.')
RuntimeError: Task is already launched and is not completed.
[2025-08-17 20:17:43] [DEBUG   ] discord.gateway: Keeping shard ID None websocket alive with sequence 3.
[2025-08-17 20:17:43] [DEBUG   ] discord.gateway: For Shard ID None: WebSocket Event: {'t': None, 's': None, 'op': 11, 'd': None}
